<?xml version="1.0" encoding="UTF-8" ?>
<testsuite tests="3" failures="1" name="TestSuite" time="50.777" errors="0" skipped="0">
  <properties>
    <property name="java.runtime.name" value="Java(TM) SE Runtime Environment"/>
    <property name="sun.boot.library.path" value="C:\Program Files\Java\jdk1.8.0_91\jre\bin"/>
    <property name="java.vm.version" value="25.91-b15"/>
    <property name="java.vm.vendor" value="Oracle Corporation"/>
    <property name="java.vendor.url" value="http://java.oracle.com/"/>
    <property name="path.separator" value=";"/>
    <property name="java.vm.name" value="Java HotSpot(TM) 64-Bit Server VM"/>
    <property name="file.encoding.pkg" value="sun.io"/>
    <property name="user.script" value=""/>
    <property name="user.country" value="US"/>
    <property name="sun.java.launcher" value="SUN_STANDARD"/>
    <property name="sun.os.patch.level" value="Service Pack 1"/>
    <property name="java.vm.specification.name" value="Java Virtual Machine Specification"/>
    <property name="user.dir" value="C:\Users\chaudhrs\Documents\Selenium_drivers_for_browsers\JavaSeleniumDemo\JavaSeleniumDemo"/>
    <property name="java.runtime.version" value="1.8.0_91-b15"/>
    <property name="java.awt.graphicsenv" value="sun.awt.Win32GraphicsEnvironment"/>
    <property name="basedir" value="C:\Users\chaudhrs\Documents\Selenium_drivers_for_browsers\JavaSeleniumDemo\JavaSeleniumDemo"/>
    <property name="java.endorsed.dirs" value="C:\Program Files\Java\jdk1.8.0_91\jre\lib\endorsed"/>
    <property name="os.arch" value="amd64"/>
    <property name="surefire.real.class.path" value="C:\windows\TEMP\surefirebooter7257783716046645941.jar"/>
    <property name="java.io.tmpdir" value="C:\windows\TEMP\"/>
    <property name="line.separator" value="
"/>
    <property name="java.vm.specification.vendor" value="Oracle Corporation"/>
    <property name="user.variant" value=""/>
    <property name="os.name" value="Windows 7"/>
    <property name="sun.jnu.encoding" value="Cp1252"/>
    <property name="jnidispatch.path" value="C:\windows\TEMP\jna-188518193\jna7711637357067919283.dll"/>
    <property name="java.library.path" value="C:\Program Files\Java\jdk1.8.0_91\jre\bin;C:\windows\Sun\Java\bin;C:\windows\system32;C:\windows;C:\ProgramData\Oracle\Java\javapath;C:\Program Files\RA2HP\;C:\Program Files (x86)\Intel\iCLS Client\;C:\Program Files\Intel\iCLS Client\;C:\windows\system32;C:\windows;C:\windows\System32\Wbem;C:\windows\System32\WindowsPowerShell\v1.0\;C:\Program Files\ActivIdentity\ActivClient\;C:\Program Files (x86)\ActivIdentity\ActivClient\;C:\Program Files (x86)\Intel\OpenCL SDK\3.0\bin\x86;C:\Program Files (x86)\Intel\OpenCL SDK\3.0\bin\x64;C:\Program Files\Intel\Intel(R) Management Engine Components\DAL;C:\Program Files\Intel\Intel(R) Management Engine Components\IPT;C:\Program Files (x86)\Intel\Intel(R) Management Engine Components\DAL;C:\Program Files (x86)\Intel\Intel(R) Management Engine Components\IPT;C:\windows\System32\WindowsPowerShell\v1.0\;C:\Program Files\Java\jdk1.8.0_91;C:\Program Files (x86)\Skype\Phone\;C:\apache-maven-3.3.9\bin;C:\Program Files\Git\cmd;;."/>
    <property name="surefire.test.class.path" value="C:\Users\chaudhrs\Documents\Selenium_drivers_for_browsers\JavaSeleniumDemo\JavaSeleniumDemo\target\test-classes;C:\Users\chaudhrs\Documents\Selenium_drivers_for_browsers\JavaSeleniumDemo\JavaSeleniumDemo\target\classes;C:\windows\system32\config\systemprofile\.m2\repository\org\testng\testng\6.3\testng-6.3.jar;C:\windows\system32\config\systemprofile\.m2\repository\junit\junit\3.8.1\junit-3.8.1.jar;C:\windows\system32\config\systemprofile\.m2\repository\org\beanshell\bsh\2.0b4\bsh-2.0b4.jar;C:\windows\system32\config\systemprofile\.m2\repository\com\beust\jcommander\1.12\jcommander-1.12.jar;C:\windows\system32\config\systemprofile\.m2\repository\org\yaml\snakeyaml\1.6\snakeyaml-1.6.jar;C:\windows\system32\config\systemprofile\.m2\repository\org\seleniumhq\selenium\selenium-java\2.53.0\selenium-java-2.53.0.jar;C:\windows\system32\config\systemprofile\.m2\repository\org\seleniumhq\selenium\selenium-chrome-driver\2.53.0\selenium-chrome-driver-2.53.0.jar;C:\windows\system32\config\systemprofile\.m2\repository\org\seleniumhq\selenium\selenium-remote-driver\2.53.0\selenium-remote-driver-2.53.0.jar;C:\windows\system32\config\systemprofile\.m2\repository\cglib\cglib-nodep\2.1_3\cglib-nodep-2.1_3.jar;C:\windows\system32\config\systemprofile\.m2\repository\com\google\code\gson\gson\2.3.1\gson-2.3.1.jar;C:\windows\system32\config\systemprofile\.m2\repository\org\seleniumhq\selenium\selenium-api\2.53.0\selenium-api-2.53.0.jar;C:\windows\system32\config\systemprofile\.m2\repository\org\apache\httpcomponents\httpclient\4.5.1\httpclient-4.5.1.jar;C:\windows\system32\config\systemprofile\.m2\repository\org\apache\httpcomponents\httpcore\4.4.3\httpcore-4.4.3.jar;C:\windows\system32\config\systemprofile\.m2\repository\commons-codec\commons-codec\1.9\commons-codec-1.9.jar;C:\windows\system32\config\systemprofile\.m2\repository\com\google\guava\guava\19.0\guava-19.0.jar;C:\windows\system32\config\systemprofile\.m2\repository\org\seleniumhq\selenium\selenium-edge-driver\2.53.0\selenium-edge-driver-2.53.0.jar;C:\windows\system32\config\systemprofile\.m2\repository\commons-io\commons-io\2.4\commons-io-2.4.jar;C:\windows\system32\config\systemprofile\.m2\repository\org\apache\commons\commons-exec\1.3\commons-exec-1.3.jar;C:\windows\system32\config\systemprofile\.m2\repository\org\seleniumhq\selenium\selenium-firefox-driver\2.53.0\selenium-firefox-driver-2.53.0.jar;C:\windows\system32\config\systemprofile\.m2\repository\org\seleniumhq\selenium\selenium-ie-driver\2.53.0\selenium-ie-driver-2.53.0.jar;C:\windows\system32\config\systemprofile\.m2\repository\net\java\dev\jna\jna\4.1.0\jna-4.1.0.jar;C:\windows\system32\config\systemprofile\.m2\repository\net\java\dev\jna\jna-platform\4.1.0\jna-platform-4.1.0.jar;C:\windows\system32\config\systemprofile\.m2\repository\org\seleniumhq\selenium\selenium-safari-driver\2.53.0\selenium-safari-driver-2.53.0.jar;C:\windows\system32\config\systemprofile\.m2\repository\io\netty\netty\3.5.7.Final\netty-3.5.7.Final.jar;C:\windows\system32\config\systemprofile\.m2\repository\org\seleniumhq\selenium\selenium-support\2.53.0\selenium-support-2.53.0.jar;C:\windows\system32\config\systemprofile\.m2\repository\org\seleniumhq\selenium\selenium-leg-rc\2.53.0\selenium-leg-rc-2.53.0.jar;C:\windows\system32\config\systemprofile\.m2\repository\org\uncommons\reportng\1.1.2\reportng-1.1.2.jar;C:\windows\system32\config\systemprofile\.m2\repository\velocity\velocity\1.4\velocity-1.4.jar;C:\windows\system32\config\systemprofile\.m2\repository\velocity\velocity-dep\1.4\velocity-dep-1.4.jar;C:\windows\system32\config\systemprofile\.m2\repository\xml-apis\xml-apis\1.4.01\xml-apis-1.4.01.jar;C:\windows\system32\config\systemprofile\.m2\repository\org\codehaus\mojo\cobertura-maven-plugin\2.5.2\cobertura-maven-plugin-2.5.2.jar;C:\windows\system32\config\systemprofile\.m2\repository\net\sourceforge\cobertura\cobertura\1.9.4.1\cobertura-1.9.4.1.jar;C:\windows\system32\config\systemprofile\.m2\repository\oro\oro\2.0.8\oro-2.0.8.jar;C:\windows\system32\config\systemprofile\.m2\repository\asm\asm\3.0\asm-3.0.jar;C:\windows\system32\config\systemprofile\.m2\repository\asm\asm-tree\3.0\asm-tree-3.0.jar;C:\windows\system32\config\systemprofile\.m2\repository\log4j\log4j\1.2.9\log4j-1.2.9.jar;C:\windows\system32\config\systemprofile\.m2\repository\org\apache\ant\ant\1.7.0\ant-1.7.0.jar;C:\windows\system32\config\systemprofile\.m2\repository\org\apache\ant\ant-launcher\1.7.0\ant-launcher-1.7.0.jar;C:\windows\system32\config\systemprofile\.m2\repository\urbanophile\java-getopt\1.0.9\java-getopt-1.0.9.jar;C:\windows\system32\config\systemprofile\.m2\repository\org\apache\maven\maven-core\2.0.8\maven-core-2.0.8.jar;C:\windows\system32\config\systemprofile\.m2\repository\org\apache\maven\maven-settings\2.0.8\maven-settings-2.0.8.jar;C:\windows\system32\config\systemprofile\.m2\repository\org\apache\maven\wagon\wagon-file\1.0-beta-2\wagon-file-1.0-beta-2.jar;C:\windows\system32\config\systemprofile\.m2\repository\org\apache\maven\maven-plugin-parameter-documenter\2.0.8\maven-plugin-parameter-documenter-2.0.8.jar;C:\windows\system32\config\systemprofile\.m2\repository\org\apache\maven\wagon\wagon-http-lightweight\1.0-beta-2\wagon-http-lightweight-1.0-beta-2.jar;C:\windows\system32\config\systemprofile\.m2\repository\org\apache\maven\wagon\wagon-http-shared\1.0-beta-2\wagon-http-shared-1.0-beta-2.jar;C:\windows\system32\config\systemprofile\.m2\repository\jtidy\jtidy\4aug2000r7-dev\jtidy-4aug2000r7-dev.jar;C:\windows\system32\config\systemprofile\.m2\repository\org\apache\maven\maven-profile\2.0.8\maven-profile-2.0.8.jar;C:\windows\system32\config\systemprofile\.m2\repository\org\apache\maven\maven-model\2.0.8\maven-model-2.0.8.jar;C:\windows\system32\config\systemprofile\.m2\repository\org\apache\maven\wagon\wagon-provider-api\1.0-beta-2\wagon-provider-api-1.0-beta-2.jar;C:\windows\system32\config\systemprofile\.m2\repository\org\codehaus\plexus\plexus-container-default\1.0-alpha-9-stable-1\plexus-container-default-1.0-alpha-9-stable-1.jar;C:\windows\system32\config\systemprofile\.m2\repository\org\apache\maven\maven-repository-metadata\2.0.8\maven-repository-metadata-2.0.8.jar;C:\windows\system32\config\systemprofile\.m2\repository\org\apache\maven\maven-error-diagnostics\2.0.8\maven-error-diagnostics-2.0.8.jar;C:\windows\system32\config\systemprofile\.m2\repository\commons-cli\commons-cli\1.0\commons-cli-1.0.jar;C:\windows\system32\config\systemprofile\.m2\repository\org\apache\maven\wagon\wagon-ssh-external\1.0-beta-2\wagon-ssh-external-1.0-beta-2.jar;C:\windows\system32\config\systemprofile\.m2\repository\org\apache\maven\wagon\wagon-ssh-common\1.0-beta-2\wagon-ssh-common-1.0-beta-2.jar;C:\windows\system32\config\systemprofile\.m2\repository\org\apache\maven\maven-plugin-descriptor\2.0.8\maven-plugin-descriptor-2.0.8.jar;C:\windows\system32\config\systemprofile\.m2\repository\org\codehaus\plexus\plexus-interactivity-api\1.0-alpha-4\plexus-interactivity-api-1.0-alpha-4.jar;C:\windows\system32\config\systemprofile\.m2\repository\org\apache\maven\maven-artifact-manager\2.0.8\maven-artifact-manager-2.0.8.jar;C:\windows\system32\config\systemprofile\.m2\repository\org\apache\maven\maven-monitor\2.0.8\maven-monitor-2.0.8.jar;C:\windows\system32\config\systemprofile\.m2\repository\org\apache\maven\wagon\wagon-ssh\1.0-beta-2\wagon-ssh-1.0-beta-2.jar;C:\windows\system32\config\systemprofile\.m2\repository\com\jcraft\jsch\0.1.27\jsch-0.1.27.jar;C:\windows\system32\config\systemprofile\.m2\repository\classworlds\classworlds\1.1\classworlds-1.1.jar;C:\windows\system32\config\systemprofile\.m2\repository\org\apache\maven\maven-artifact\2.0.8\maven-artifact-2.0.8.jar;C:\windows\system32\config\systemprofile\.m2\repository\org\apache\maven\maven-plugin-api\2.0.8\maven-plugin-api-2.0.8.jar;C:\windows\system32\config\systemprofile\.m2\repository\org\apache\maven\reporting\maven-reporting-api\2.0.8\maven-reporting-api-2.0.8.jar;C:\windows\system32\config\systemprofile\.m2\repository\org\apache\maven\doxia\doxia-sink-api\1.0-alpha-9\doxia-sink-api-1.0-alpha-9.jar;C:\windows\system32\config\systemprofile\.m2\repository\org\apache\maven\maven-project\2.0.8\maven-project-2.0.8.jar;C:\windows\system32\config\systemprofile\.m2\repository\org\apache\maven\maven-plugin-registry\2.0.8\maven-plugin-registry-2.0.8.jar;C:\windows\system32\config\systemprofile\.m2\repository\org\apache\maven\reporting\maven-reporting-impl\2.0.4.2\maven-reporting-impl-2.0.4.2.jar;C:\windows\system32\config\systemprofile\.m2\repository\commons-validator\commons-validator\1.2.0\commons-validator-1.2.0.jar;C:\windows\system32\config\systemprofile\.m2\repository\commons-beanutils\commons-beanutils\1.7.0\commons-beanutils-1.7.0.jar;C:\windows\system32\config\systemprofile\.m2\repository\commons-digester\commons-digester\1.6\commons-digester-1.6.jar;C:\windows\system32\config\systemprofile\.m2\repository\commons-logging\commons-logging\1.0.4\commons-logging-1.0.4.jar;C:\windows\system32\config\systemprofile\.m2\repository\org\apache\maven\doxia\doxia-core\1.0\doxia-core-1.0.jar;C:\windows\system32\config\systemprofile\.m2\repository\org\apache\maven\doxia\doxia-site-renderer\1.0\doxia-site-renderer-1.0.jar;C:\windows\system32\config\systemprofile\.m2\repository\org\codehaus\plexus\plexus-i18n\1.0-beta-7\plexus-i18n-1.0-beta-7.jar;C:\windows\system32\config\systemprofile\.m2\repository\org\codehaus\plexus\plexus-velocity\1.1.7\plexus-velocity-1.1.7.jar;C:\windows\system32\config\systemprofile\.m2\repository\org\apache\velocity\velocity\1.5\velocity-1.5.jar;C:\windows\system32\config\systemprofile\.m2\repository\org\apache\maven\doxia\doxia-decoration-model\1.0\doxia-decoration-model-1.0.jar;C:\windows\system32\config\systemprofile\.m2\repository\commons-collections\commons-collections\3.2\commons-collections-3.2.jar;C:\windows\system32\config\systemprofile\.m2\repository\org\apache\maven\doxia\doxia-module-apt\1.0\doxia-module-apt-1.0.jar;C:\windows\system32\config\systemprofile\.m2\repository\org\apache\maven\doxia\doxia-module-fml\1.0\doxia-module-fml-1.0.jar;C:\windows\system32\config\systemprofile\.m2\repository\org\apache\maven\doxia\doxia-module-xdoc\1.0\doxia-module-xdoc-1.0.jar;C:\windows\system32\config\systemprofile\.m2\repository\org\apache\maven\doxia\doxia-module-xhtml\1.0\doxia-module-xhtml-1.0.jar;C:\windows\system32\config\systemprofile\.m2\repository\commons-lang\commons-lang\2.4\commons-lang-2.4.jar;C:\windows\system32\config\systemprofile\.m2\repository\org\codehaus\plexus\plexus-utils\2.0.2\plexus-utils-2.0.2.jar;C:\windows\system32\config\systemprofile\.m2\repository\org\apache\maven\shared\maven-invoker\2.0.11\maven-invoker-2.0.11.jar;C:\windows\system32\config\systemprofile\.m2\repository\com\google\inject\guice\3.0\guice-3.0.jar;C:\windows\system32\config\systemprofile\.m2\repository\javax\inject\javax.inject\1\javax.inject-1.jar;C:\windows\system32\config\systemprofile\.m2\repository\aopalliance\aopalliance\1.0\aopalliance-1.0.jar;"/>
    <property name="java.specification.name" value="Java Platform API Specification"/>
    <property name="java.class.version" value="52.0"/>
    <property name="sun.management.compiler" value="HotSpot 64-Bit Tiered Compilers"/>
    <property name="os.version" value="6.1"/>
    <property name="user.home" value="C:\windows\system32\config\systemprofile"/>
    <property name="user.timezone" value="America/New_York"/>
    <property name="java.awt.printerjob" value="sun.awt.windows.WPrinterJob"/>
    <property name="java.specification.version" value="1.8"/>
    <property name="file.encoding" value="Cp1252"/>
    <property name="user.name" value="CHAUDHRS1$"/>
    <property name="java.class.path" value="C:\Users\chaudhrs\Documents\Selenium_drivers_for_browsers\JavaSeleniumDemo\JavaSeleniumDemo\target\test-classes;C:\Users\chaudhrs\Documents\Selenium_drivers_for_browsers\JavaSeleniumDemo\JavaSeleniumDemo\target\classes;C:\windows\system32\config\systemprofile\.m2\repository\org\testng\testng\6.3\testng-6.3.jar;C:\windows\system32\config\systemprofile\.m2\repository\junit\junit\3.8.1\junit-3.8.1.jar;C:\windows\system32\config\systemprofile\.m2\repository\org\beanshell\bsh\2.0b4\bsh-2.0b4.jar;C:\windows\system32\config\systemprofile\.m2\repository\com\beust\jcommander\1.12\jcommander-1.12.jar;C:\windows\system32\config\systemprofile\.m2\repository\org\yaml\snakeyaml\1.6\snakeyaml-1.6.jar;C:\windows\system32\config\systemprofile\.m2\repository\org\seleniumhq\selenium\selenium-java\2.53.0\selenium-java-2.53.0.jar;C:\windows\system32\config\systemprofile\.m2\repository\org\seleniumhq\selenium\selenium-chrome-driver\2.53.0\selenium-chrome-driver-2.53.0.jar;C:\windows\system32\config\systemprofile\.m2\repository\org\seleniumhq\selenium\selenium-remote-driver\2.53.0\selenium-remote-driver-2.53.0.jar;C:\windows\system32\config\systemprofile\.m2\repository\cglib\cglib-nodep\2.1_3\cglib-nodep-2.1_3.jar;C:\windows\system32\config\systemprofile\.m2\repository\com\google\code\gson\gson\2.3.1\gson-2.3.1.jar;C:\windows\system32\config\systemprofile\.m2\repository\org\seleniumhq\selenium\selenium-api\2.53.0\selenium-api-2.53.0.jar;C:\windows\system32\config\systemprofile\.m2\repository\org\apache\httpcomponents\httpclient\4.5.1\httpclient-4.5.1.jar;C:\windows\system32\config\systemprofile\.m2\repository\org\apache\httpcomponents\httpcore\4.4.3\httpcore-4.4.3.jar;C:\windows\system32\config\systemprofile\.m2\repository\commons-codec\commons-codec\1.9\commons-codec-1.9.jar;C:\windows\system32\config\systemprofile\.m2\repository\com\google\guava\guava\19.0\guava-19.0.jar;C:\windows\system32\config\systemprofile\.m2\repository\org\seleniumhq\selenium\selenium-edge-driver\2.53.0\selenium-edge-driver-2.53.0.jar;C:\windows\system32\config\systemprofile\.m2\repository\commons-io\commons-io\2.4\commons-io-2.4.jar;C:\windows\system32\config\systemprofile\.m2\repository\org\apache\commons\commons-exec\1.3\commons-exec-1.3.jar;C:\windows\system32\config\systemprofile\.m2\repository\org\seleniumhq\selenium\selenium-firefox-driver\2.53.0\selenium-firefox-driver-2.53.0.jar;C:\windows\system32\config\systemprofile\.m2\repository\org\seleniumhq\selenium\selenium-ie-driver\2.53.0\selenium-ie-driver-2.53.0.jar;C:\windows\system32\config\systemprofile\.m2\repository\net\java\dev\jna\jna\4.1.0\jna-4.1.0.jar;C:\windows\system32\config\systemprofile\.m2\repository\net\java\dev\jna\jna-platform\4.1.0\jna-platform-4.1.0.jar;C:\windows\system32\config\systemprofile\.m2\repository\org\seleniumhq\selenium\selenium-safari-driver\2.53.0\selenium-safari-driver-2.53.0.jar;C:\windows\system32\config\systemprofile\.m2\repository\io\netty\netty\3.5.7.Final\netty-3.5.7.Final.jar;C:\windows\system32\config\systemprofile\.m2\repository\org\seleniumhq\selenium\selenium-support\2.53.0\selenium-support-2.53.0.jar;C:\windows\system32\config\systemprofile\.m2\repository\org\seleniumhq\selenium\selenium-leg-rc\2.53.0\selenium-leg-rc-2.53.0.jar;C:\windows\system32\config\systemprofile\.m2\repository\org\uncommons\reportng\1.1.2\reportng-1.1.2.jar;C:\windows\system32\config\systemprofile\.m2\repository\velocity\velocity\1.4\velocity-1.4.jar;C:\windows\system32\config\systemprofile\.m2\repository\velocity\velocity-dep\1.4\velocity-dep-1.4.jar;C:\windows\system32\config\systemprofile\.m2\repository\xml-apis\xml-apis\1.4.01\xml-apis-1.4.01.jar;C:\windows\system32\config\systemprofile\.m2\repository\org\codehaus\mojo\cobertura-maven-plugin\2.5.2\cobertura-maven-plugin-2.5.2.jar;C:\windows\system32\config\systemprofile\.m2\repository\net\sourceforge\cobertura\cobertura\1.9.4.1\cobertura-1.9.4.1.jar;C:\windows\system32\config\systemprofile\.m2\repository\oro\oro\2.0.8\oro-2.0.8.jar;C:\windows\system32\config\systemprofile\.m2\repository\asm\asm\3.0\asm-3.0.jar;C:\windows\system32\config\systemprofile\.m2\repository\asm\asm-tree\3.0\asm-tree-3.0.jar;C:\windows\system32\config\systemprofile\.m2\repository\log4j\log4j\1.2.9\log4j-1.2.9.jar;C:\windows\system32\config\systemprofile\.m2\repository\org\apache\ant\ant\1.7.0\ant-1.7.0.jar;C:\windows\system32\config\systemprofile\.m2\repository\org\apache\ant\ant-launcher\1.7.0\ant-launcher-1.7.0.jar;C:\windows\system32\config\systemprofile\.m2\repository\urbanophile\java-getopt\1.0.9\java-getopt-1.0.9.jar;C:\windows\system32\config\systemprofile\.m2\repository\org\apache\maven\maven-core\2.0.8\maven-core-2.0.8.jar;C:\windows\system32\config\systemprofile\.m2\repository\org\apache\maven\maven-settings\2.0.8\maven-settings-2.0.8.jar;C:\windows\system32\config\systemprofile\.m2\repository\org\apache\maven\wagon\wagon-file\1.0-beta-2\wagon-file-1.0-beta-2.jar;C:\windows\system32\config\systemprofile\.m2\repository\org\apache\maven\maven-plugin-parameter-documenter\2.0.8\maven-plugin-parameter-documenter-2.0.8.jar;C:\windows\system32\config\systemprofile\.m2\repository\org\apache\maven\wagon\wagon-http-lightweight\1.0-beta-2\wagon-http-lightweight-1.0-beta-2.jar;C:\windows\system32\config\systemprofile\.m2\repository\org\apache\maven\wagon\wagon-http-shared\1.0-beta-2\wagon-http-shared-1.0-beta-2.jar;C:\windows\system32\config\systemprofile\.m2\repository\jtidy\jtidy\4aug2000r7-dev\jtidy-4aug2000r7-dev.jar;C:\windows\system32\config\systemprofile\.m2\repository\org\apache\maven\maven-profile\2.0.8\maven-profile-2.0.8.jar;C:\windows\system32\config\systemprofile\.m2\repository\org\apache\maven\maven-model\2.0.8\maven-model-2.0.8.jar;C:\windows\system32\config\systemprofile\.m2\repository\org\apache\maven\wagon\wagon-provider-api\1.0-beta-2\wagon-provider-api-1.0-beta-2.jar;C:\windows\system32\config\systemprofile\.m2\repository\org\codehaus\plexus\plexus-container-default\1.0-alpha-9-stable-1\plexus-container-default-1.0-alpha-9-stable-1.jar;C:\windows\system32\config\systemprofile\.m2\repository\org\apache\maven\maven-repository-metadata\2.0.8\maven-repository-metadata-2.0.8.jar;C:\windows\system32\config\systemprofile\.m2\repository\org\apache\maven\maven-error-diagnostics\2.0.8\maven-error-diagnostics-2.0.8.jar;C:\windows\system32\config\systemprofile\.m2\repository\commons-cli\commons-cli\1.0\commons-cli-1.0.jar;C:\windows\system32\config\systemprofile\.m2\repository\org\apache\maven\wagon\wagon-ssh-external\1.0-beta-2\wagon-ssh-external-1.0-beta-2.jar;C:\windows\system32\config\systemprofile\.m2\repository\org\apache\maven\wagon\wagon-ssh-common\1.0-beta-2\wagon-ssh-common-1.0-beta-2.jar;C:\windows\system32\config\systemprofile\.m2\repository\org\apache\maven\maven-plugin-descriptor\2.0.8\maven-plugin-descriptor-2.0.8.jar;C:\windows\system32\config\systemprofile\.m2\repository\org\codehaus\plexus\plexus-interactivity-api\1.0-alpha-4\plexus-interactivity-api-1.0-alpha-4.jar;C:\windows\system32\config\systemprofile\.m2\repository\org\apache\maven\maven-artifact-manager\2.0.8\maven-artifact-manager-2.0.8.jar;C:\windows\system32\config\systemprofile\.m2\repository\org\apache\maven\maven-monitor\2.0.8\maven-monitor-2.0.8.jar;C:\windows\system32\config\systemprofile\.m2\repository\org\apache\maven\wagon\wagon-ssh\1.0-beta-2\wagon-ssh-1.0-beta-2.jar;C:\windows\system32\config\systemprofile\.m2\repository\com\jcraft\jsch\0.1.27\jsch-0.1.27.jar;C:\windows\system32\config\systemprofile\.m2\repository\classworlds\classworlds\1.1\classworlds-1.1.jar;C:\windows\system32\config\systemprofile\.m2\repository\org\apache\maven\maven-artifact\2.0.8\maven-artifact-2.0.8.jar;C:\windows\system32\config\systemprofile\.m2\repository\org\apache\maven\maven-plugin-api\2.0.8\maven-plugin-api-2.0.8.jar;C:\windows\system32\config\systemprofile\.m2\repository\org\apache\maven\reporting\maven-reporting-api\2.0.8\maven-reporting-api-2.0.8.jar;C:\windows\system32\config\systemprofile\.m2\repository\org\apache\maven\doxia\doxia-sink-api\1.0-alpha-9\doxia-sink-api-1.0-alpha-9.jar;C:\windows\system32\config\systemprofile\.m2\repository\org\apache\maven\maven-project\2.0.8\maven-project-2.0.8.jar;C:\windows\system32\config\systemprofile\.m2\repository\org\apache\maven\maven-plugin-registry\2.0.8\maven-plugin-registry-2.0.8.jar;C:\windows\system32\config\systemprofile\.m2\repository\org\apache\maven\reporting\maven-reporting-impl\2.0.4.2\maven-reporting-impl-2.0.4.2.jar;C:\windows\system32\config\systemprofile\.m2\repository\commons-validator\commons-validator\1.2.0\commons-validator-1.2.0.jar;C:\windows\system32\config\systemprofile\.m2\repository\commons-beanutils\commons-beanutils\1.7.0\commons-beanutils-1.7.0.jar;C:\windows\system32\config\systemprofile\.m2\repository\commons-digester\commons-digester\1.6\commons-digester-1.6.jar;C:\windows\system32\config\systemprofile\.m2\repository\commons-logging\commons-logging\1.0.4\commons-logging-1.0.4.jar;C:\windows\system32\config\systemprofile\.m2\repository\org\apache\maven\doxia\doxia-core\1.0\doxia-core-1.0.jar;C:\windows\system32\config\systemprofile\.m2\repository\org\apache\maven\doxia\doxia-site-renderer\1.0\doxia-site-renderer-1.0.jar;C:\windows\system32\config\systemprofile\.m2\repository\org\codehaus\plexus\plexus-i18n\1.0-beta-7\plexus-i18n-1.0-beta-7.jar;C:\windows\system32\config\systemprofile\.m2\repository\org\codehaus\plexus\plexus-velocity\1.1.7\plexus-velocity-1.1.7.jar;C:\windows\system32\config\systemprofile\.m2\repository\org\apache\velocity\velocity\1.5\velocity-1.5.jar;C:\windows\system32\config\systemprofile\.m2\repository\org\apache\maven\doxia\doxia-decoration-model\1.0\doxia-decoration-model-1.0.jar;C:\windows\system32\config\systemprofile\.m2\repository\commons-collections\commons-collections\3.2\commons-collections-3.2.jar;C:\windows\system32\config\systemprofile\.m2\repository\org\apache\maven\doxia\doxia-module-apt\1.0\doxia-module-apt-1.0.jar;C:\windows\system32\config\systemprofile\.m2\repository\org\apache\maven\doxia\doxia-module-fml\1.0\doxia-module-fml-1.0.jar;C:\windows\system32\config\systemprofile\.m2\repository\org\apache\maven\doxia\doxia-module-xdoc\1.0\doxia-module-xdoc-1.0.jar;C:\windows\system32\config\systemprofile\.m2\repository\org\apache\maven\doxia\doxia-module-xhtml\1.0\doxia-module-xhtml-1.0.jar;C:\windows\system32\config\systemprofile\.m2\repository\commons-lang\commons-lang\2.4\commons-lang-2.4.jar;C:\windows\system32\config\systemprofile\.m2\repository\org\codehaus\plexus\plexus-utils\2.0.2\plexus-utils-2.0.2.jar;C:\windows\system32\config\systemprofile\.m2\repository\org\apache\maven\shared\maven-invoker\2.0.11\maven-invoker-2.0.11.jar;C:\windows\system32\config\systemprofile\.m2\repository\com\google\inject\guice\3.0\guice-3.0.jar;C:\windows\system32\config\systemprofile\.m2\repository\javax\inject\javax.inject\1\javax.inject-1.jar;C:\windows\system32\config\systemprofile\.m2\repository\aopalliance\aopalliance\1.0\aopalliance-1.0.jar;"/>
    <property name="java.vm.specification.version" value="1.8"/>
    <property name="sun.arch.data.model" value="64"/>
    <property name="java.home" value="C:\Program Files\Java\jdk1.8.0_91\jre"/>
    <property name="sun.java.command" value="C:\windows\TEMP\surefirebooter7257783716046645941.jar C:\windows\TEMP\surefire4990613206563828234tmp C:\windows\TEMP\surefire4883019332111008660tmp"/>
    <property name="java.specification.vendor" value="Oracle Corporation"/>
    <property name="user.language" value="en"/>
    <property name="awt.toolkit" value="sun.awt.windows.WToolkit"/>
    <property name="java.vm.info" value="mixed mode"/>
    <property name="java.version" value="1.8.0_91"/>
    <property name="java.ext.dirs" value="C:\Program Files\Java\jdk1.8.0_91\jre\lib\ext;C:\windows\Sun\Java\lib\ext"/>
    <property name="sun.boot.class.path" value="C:\Program Files\Java\jdk1.8.0_91\jre\lib\resources.jar;C:\Program Files\Java\jdk1.8.0_91\jre\lib\rt.jar;C:\Program Files\Java\jdk1.8.0_91\jre\lib\sunrsasign.jar;C:\Program Files\Java\jdk1.8.0_91\jre\lib\jsse.jar;C:\Program Files\Java\jdk1.8.0_91\jre\lib\jce.jar;C:\Program Files\Java\jdk1.8.0_91\jre\lib\charsets.jar;C:\Program Files\Java\jdk1.8.0_91\jre\lib\jfr.jar;C:\Program Files\Java\jdk1.8.0_91\jre\classes"/>
    <property name="java.vendor" value="Oracle Corporation"/>
    <property name="localRepository" value="C:\windows\system32\config\systemprofile\.m2\repository"/>
    <property name="file.separator" value="\"/>
    <property name="java.vendor.url.bug" value="http://bugreport.sun.com/bugreport/"/>
    <property name="sun.cpu.endian" value="little"/>
    <property name="sun.io.unicode.encoding" value="UnicodeLittle"/>
    <property name="sun.desktop" value="windows"/>
    <property name="sun.cpu.isalist" value="amd64"/>
  </properties>
  <testcase classname="com.asianweb.testscript.MyFirst" name="emailValidationTest" time="2.692">
    <failure message="Element is not clickable at point (546.5, 128.06666564941406). Other element would receive the click: &lt;div class=&quot;ak-container clearfix&quot;&gt;&lt;/div&gt;
Command duration or timeout: 246 milliseconds
Build info: version: &apos;2.53.0&apos;, revision: &apos;35ae25b1534ae328c771e0856c93e187490ca824&apos;, time: &apos;2016-03-15 10:43:46&apos;
System info: host: &apos;CHAUDHRS1&apos;, ip: &apos;192.168.1.4&apos;, os.name: &apos;Windows 7&apos;, os.arch: &apos;amd64&apos;, os.version: &apos;6.1&apos;, java.version: &apos;1.8.0_91&apos;
Driver info: org.openqa.selenium.firefox.FirefoxDriver
Capabilities [{applicationCacheEnabled=true, rotatable=false, handlesAlerts=true, databaseEnabled=true, version=45.0.2, platform=WINDOWS, nativeEvents=false, acceptSslCerts=true, webStorageEnabled=true, locationContextEnabled=true, browserName=firefox, takesScreenshot=true, javascriptEnabled=true, cssSelectorsEnabled=true}]
Session ID: dec3c84d-1682-4494-b45d-a1429e0b3313" type="org.openqa.selenium.WebDriverException">org.openqa.selenium.WebDriverException: Element is not clickable at point (546.5, 128.06666564941406). Other element would receive the click: &lt;div class=&quot;ak-container clearfix&quot;&gt;&lt;/div&gt;
Command duration or timeout: 246 milliseconds
Build info: version: &apos;2.53.0&apos;, revision: &apos;35ae25b1534ae328c771e0856c93e187490ca824&apos;, time: &apos;2016-03-15 10:43:46&apos;
System info: host: &apos;CHAUDHRS1&apos;, ip: &apos;192.168.1.4&apos;, os.name: &apos;Windows 7&apos;, os.arch: &apos;amd64&apos;, os.version: &apos;6.1&apos;, java.version: &apos;1.8.0_91&apos;
Driver info: org.openqa.selenium.firefox.FirefoxDriver
Capabilities [{applicationCacheEnabled=true, rotatable=false, handlesAlerts=true, databaseEnabled=true, version=45.0.2, platform=WINDOWS, nativeEvents=false, acceptSslCerts=true, webStorageEnabled=true, locationContextEnabled=true, browserName=firefox, takesScreenshot=true, javascriptEnabled=true, cssSelectorsEnabled=true}]
Session ID: dec3c84d-1682-4494-b45d-a1429e0b3313
	at sun.reflect.NativeConstructorAccessorImpl.newInstance0(Native Method)
	at sun.reflect.NativeConstructorAccessorImpl.newInstance(NativeConstructorAccessorImpl.java:62)
	at sun.reflect.DelegatingConstructorAccessorImpl.newInstance(DelegatingConstructorAccessorImpl.java:45)
	at java.lang.reflect.Constructor.newInstance(Constructor.java:423)
	at org.openqa.selenium.remote.ErrorHandler.createThrowable(ErrorHandler.java:206)
	at org.openqa.selenium.remote.ErrorHandler.throwIfResponseFailed(ErrorHandler.java:158)
	at org.openqa.selenium.remote.RemoteWebDriver.execute(RemoteWebDriver.java:678)
	at org.openqa.selenium.remote.RemoteWebElement.execute(RemoteWebElement.java:327)
	at org.openqa.selenium.remote.RemoteWebElement.click(RemoteWebElement.java:85)
	at sun.reflect.NativeMethodAccessorImpl.invoke0(Native Method)
	at sun.reflect.NativeMethodAccessorImpl.invoke(NativeMethodAccessorImpl.java:62)
	at sun.reflect.DelegatingMethodAccessorImpl.invoke(DelegatingMethodAccessorImpl.java:43)
	at java.lang.reflect.Method.invoke(Method.java:498)
	at org.openqa.selenium.support.pagefactory.internal.LocatingElementHandler.invoke(LocatingElementHandler.java:51)
	at com.sun.proxy.$Proxy5.click(Unknown Source)
	at com.asianweb.pages.ContactPage.clikSendButton(ContactPage.java:79)
	at com.asianweb.testscript.MyFirst.emailValidationTest(MyFirst.java:19)
</failure>
  </testcase>
  <testcase classname="com.asianweb.testscript.MyFirst" name="submitContactForm" time="7.309"/>
  <testcase classname="com.asianweb.testscript.MyFirst" name="validationTest" time="5.57"/>
</testsuite>